Log file open, 09/11/16 15:20:02
LogInit:Display: Running engine for game: MyGame_8_27_16
LogPlatformFile: Not using cached read wrapper
LogInit:Display: RandInit(1985809693) SRandInit(1985809693).
LogTaskGraph: Started task graph with 5 named threads and 10 total threads with 1 sets of task threads.
LogStats: Stats thread started at 0.092494
LogPluginManager: Loaded Plugin Paper2D, From D:/Epic Games/4.13/Engine/Plugins/2D/Paper2D/Paper2D.uplugin
LogPluginManager: Loaded Plugin LightPropagationVolume, From D:/Epic Games/4.13/Engine/Plugins/Blendables/LightPropagationVolume/LightPropagationVolume.uplugin
LogPluginManager: Loaded Plugin BlankPlugin, From D:/Epic Games/4.13/Engine/Plugins/Developer/BlankPlugin/BlankPlugin.uplugin
LogPluginManager: Loaded Plugin CodeLiteSourceCodeAccess, From D:/Epic Games/4.13/Engine/Plugins/Developer/CodeLiteSourceCodeAccess/CodeLiteSourceCodeAccess.uplugin
LogPluginManager: Loaded Plugin GitSourceControl, From D:/Epic Games/4.13/Engine/Plugins/Developer/GitSourceControl/GitSourceControl.uplugin
LogPluginManager: Loaded Plugin KDevelopSourceCodeAccess, From D:/Epic Games/4.13/Engine/Plugins/Developer/KDevelopSourceCodeAccess/KDevelopSourceCodeAccess.uplugin
LogPluginManager: Loaded Plugin NullSourceCodeAccess, From D:/Epic Games/4.13/Engine/Plugins/Developer/NullSourceCodeAccess/NullSourceCodeAccess.uplugin
LogPluginManager: Loaded Plugin OneSkyLocalizationService, From D:/Epic Games/4.13/Engine/Plugins/Developer/OneSkyLocalizationService/OneSkyLocalizationService.uplugin
LogPluginManager: Loaded Plugin PerforceSourceControl, From D:/Epic Games/4.13/Engine/Plugins/Developer/PerforceSourceControl/PerforceSourceControl.uplugin
LogPluginManager: Loaded Plugin SubversionSourceControl, From D:/Epic Games/4.13/Engine/Plugins/Developer/SubversionSourceControl/SubversionSourceControl.uplugin
LogPluginManager: Loaded Plugin UObjectPlugin, From D:/Epic Games/4.13/Engine/Plugins/Developer/UObjectPlugin/UObjectPlugin.uplugin
LogPluginManager: Loaded Plugin VisualStudioSourceCodeAccess, From D:/Epic Games/4.13/Engine/Plugins/Developer/VisualStudioSourceCodeAccess/VisualStudioSourceCodeAccess.uplugin
LogPluginManager: Loaded Plugin XCodeSourceCodeAccess, From D:/Epic Games/4.13/Engine/Plugins/Developer/XCodeSourceCodeAccess/XCodeSourceCodeAccess.uplugin
LogPluginManager: Loaded Plugin EpicSurvey, From D:/Epic Games/4.13/Engine/Plugins/Editor/EpicSurvey/EpicSurvey.uplugin
LogPluginManager: Loaded Plugin MacGraphicsSwitching, From D:/Epic Games/4.13/Engine/Plugins/Editor/MacGraphicsSwitching/MacGraphicsSwitching.uplugin
LogPluginManager: Loaded Plugin MobileLauncherProfileWizard, From D:/Epic Games/4.13/Engine/Plugins/Editor/MobileLauncherProfileWizard/MobileLauncherProfileWizard.uplugin
LogPluginManager: Loaded Plugin PluginBrowser, From D:/Epic Games/4.13/Engine/Plugins/Editor/PluginBrowser/PluginBrowser.uplugin
LogPluginManager: Loaded Plugin SpeedTreeImporter, From D:/Epic Games/4.13/Engine/Plugins/Editor/SpeedTreeImporter/SpeedTreeImporter.uplugin
LogPluginManager: Loaded Plugin SuperSearchEditor, From D:/Epic Games/4.13/Engine/Plugins/Editor/SuperSearchEditor/SuperSearchEditor.uplugin
LogPluginManager: Loaded Plugin AlembicImporter, From D:/Epic Games/4.13/Engine/Plugins/Experimental/AlembicImporter/AlembicImporter.uplugin
LogPluginManager: Loaded Plugin BlueprintStats, From D:/Epic Games/4.13/Engine/Plugins/Experimental/BlueprintStats/BlueprintStats.uplugin
LogPluginManager: Loaded Plugin CharacterAI, From D:/Epic Games/4.13/Engine/Plugins/Experimental/CharacterAI/CharacterAI.uplugin
LogPluginManager: Loaded Plugin CodeEditor, From D:/Epic Games/4.13/Engine/Plugins/Experimental/CodeEditor/CodeEditor.uplugin
LogPluginManager: Loaded Plugin CodeView, From D:/Epic Games/4.13/Engine/Plugins/Experimental/CodeView/CodeView.uplugin
LogPluginManager: Loaded Plugin HTML5Networking, From D:/Epic Games/4.13/Engine/Plugins/Experimental/HTML5Networking/HTML5Networking.uplugin
LogPluginManager: Loaded Plugin LiveEditor, From D:/Epic Games/4.13/Engine/Plugins/Experimental/LiveEditor/LiveEditor.uplugin
LogPluginManager: Loaded Plugin OSVR, From D:/Epic Games/4.13/Engine/Plugins/Experimental/OSVR/OSVR.uplugin
LogPluginManager: Loaded Plugin Phya, From D:/Epic Games/4.13/Engine/Plugins/Experimental/Phya/Phya.uplugin
LogPluginManager: Loaded Plugin SignificanceManager, From D:/Epic Games/4.13/Engine/Plugins/Experimental/SignificanceManager/SignificanceManager.uplugin
LogPluginManager: Loaded Plugin SimpleHMD, From D:/Epic Games/4.13/Engine/Plugins/Experimental/SimpleHMD/SimpleHMD.uplugin
LogPluginManager: Loaded Plugin StereoPanorama, From D:/Epic Games/4.13/Engine/Plugins/Experimental/StereoPanorama/StereoPanorama.uplugin
LogPluginManager: Loaded Plugin StructBox, From D:/Epic Games/4.13/Engine/Plugins/Experimental/StructBox/StructBox.uplugin
LogPluginManager: Loaded Plugin AndroidMedia, From D:/Epic Games/4.13/Engine/Plugins/Media/AndroidMedia/AndroidMedia.uplugin
LogPluginManager: Loaded Plugin AvfMedia, From D:/Epic Games/4.13/Engine/Plugins/Media/AvfMedia/AvfMedia.uplugin
LogPluginManager: Loaded Plugin MediaPlayerEditor, From D:/Epic Games/4.13/Engine/Plugins/Media/MediaPlayerEditor/MediaPlayerEditor.uplugin
LogPluginManager: Loaded Plugin WmfMedia, From D:/Epic Games/4.13/Engine/Plugins/Media/WmfMedia/WmfMedia.uplugin
LogPluginManager: Loaded Plugin MessagingDebugger, From D:/Epic Games/4.13/Engine/Plugins/Messaging/MessagingDebugger/MessagingDebugger.uplugin
LogPluginManager: Loaded Plugin TcpMessaging, From D:/Epic Games/4.13/Engine/Plugins/Messaging/TcpMessaging/TcpMessaging.uplugin
LogPluginManager: Loaded Plugin UdpMessaging, From D:/Epic Games/4.13/Engine/Plugins/Messaging/UdpMessaging/UdpMessaging.uplugin
LogPluginManager: Loaded Plugin LevelSequenceEditor, From D:/Epic Games/4.13/Engine/Plugins/MovieScene/LevelSequenceEditor/LevelSequenceEditor.uplugin
LogPluginManager: Loaded Plugin MatineeToLevelSequence, From D:/Epic Games/4.13/Engine/Plugins/MovieScene/MatineeToLevelSequence/MatineeToLevelSequence.uplugin
LogPluginManager: Loaded Plugin NetcodeUnitTest, From D:/Epic Games/4.13/Engine/Plugins/NetcodeUnitTest/NetcodeUnitTest/NetcodeUnitTest.uplugin
LogPluginManager: Loaded Plugin NUTUnrealEngine4, From D:/Epic Games/4.13/Engine/Plugins/NetcodeUnitTest/NUTUnrealEngine4/NUTUnrealEngine4.uplugin
LogPluginManager: Loaded Plugin OnlineSubsystemGooglePlay, From D:/Epic Games/4.13/Engine/Plugins/Online/Android/OnlineSubsystemGooglePlay/OnlineSubsystemGooglePlay.uplugin
LogPluginManager: Loaded Plugin OnlineSubsystemIOS, From D:/Epic Games/4.13/Engine/Plugins/Online/IOS/OnlineSubsystemIOS/OnlineSubsystemIOS.uplugin
LogPluginManager: Loaded Plugin OnlineFramework, From D:/Epic Games/4.13/Engine/Plugins/Online/OnlineFramework/OnlineFramework.uplugin
LogPluginManager: Loaded Plugin OnlineSubsystem, From D:/Epic Games/4.13/Engine/Plugins/Online/OnlineSubsystem/OnlineSubsystem.uplugin
LogPluginManager: Loaded Plugin OnlineSubsystemAmazon, From D:/Epic Games/4.13/Engine/Plugins/Online/OnlineSubsystemAmazon/OnlineSubsystemAmazon.uplugin
LogPluginManager: Loaded Plugin OnlineSubsystemFacebook, From D:/Epic Games/4.13/Engine/Plugins/Online/OnlineSubsystemFacebook/OnlineSubsystemFacebook.uplugin
LogPluginManager: Loaded Plugin OnlineSubsystemNull, From D:/Epic Games/4.13/Engine/Plugins/Online/OnlineSubsystemNull/OnlineSubsystemNull.uplugin
LogPluginManager: Loaded Plugin OnlineSubsystemOculus, From D:/Epic Games/4.13/Engine/Plugins/Online/OnlineSubsystemOculus/OnlineSubsystemOculus.uplugin
LogPluginManager: Loaded Plugin OnlineSubsystemSteam, From D:/Epic Games/4.13/Engine/Plugins/Online/OnlineSubsystemSteam/OnlineSubsystemSteam.uplugin
LogPluginManager: Loaded Plugin OnlineSubsystemUtils, From D:/Epic Games/4.13/Engine/Plugins/Online/OnlineSubsystemUtils/OnlineSubsystemUtils.uplugin
LogPluginManager: Loaded Plugin IOSTapJoy, From D:/Epic Games/4.13/Engine/Plugins/Runtime/Advertising/IOSTapJoy/IOSTapJoy.uplugin
LogPluginManager: Loaded Plugin AnalyticsBlueprintLibrary, From D:/Epic Games/4.13/Engine/Plugins/Runtime/Analytics/AnalyticsBlueprintLibrary/AnalyticsBlueprintLibrary.uplugin
LogPluginManager: Loaded Plugin AnalyticsMulticast, From D:/Epic Games/4.13/Engine/Plugins/Runtime/Analytics/AnalyticsMulticast/AnalyticsMulticast.uplugin
LogPluginManager: Loaded Plugin Apsalar, From D:/Epic Games/4.13/Engine/Plugins/Runtime/Analytics/Apsalar/Apsalar.uplugin
LogPluginManager: Loaded Plugin FileLogging, From D:/Epic Games/4.13/Engine/Plugins/Runtime/Analytics/FileLogging/FileLogging.uplugin
LogPluginManager: Loaded Plugin Flurry, From D:/Epic Games/4.13/Engine/Plugins/Runtime/Analytics/Flurry/Flurry.uplugin
LogPluginManager: Loaded Plugin AndroidDeviceProfileSelector, From D:/Epic Games/4.13/Engine/Plugins/Runtime/AndroidDeviceProfileSelector/AndroidDeviceProfileSelector.uplugin
LogPluginManager: Loaded Plugin AndroidMoviePlayer, From D:/Epic Games/4.13/Engine/Plugins/Runtime/AndroidMoviePlayer/AndroidMoviePlayer.uplugin
LogPluginManager: Loaded Plugin AppleMoviePlayer, From D:/Epic Games/4.13/Engine/Plugins/Runtime/AppleMoviePlayer/AppleMoviePlayer.uplugin
LogPluginManager: Loaded Plugin ArchVisCharacter, From D:/Epic Games/4.13/Engine/Plugins/Runtime/ArchVisCharacter/ArchVisCharacter.uplugin
LogPluginManager: Loaded Plugin CableComponent, From D:/Epic Games/4.13/Engine/Plugins/Runtime/CableComponent/CableComponent.uplugin
LogPluginManager: Loaded Plugin CustomMeshComponent, From D:/Epic Games/4.13/Engine/Plugins/Runtime/CustomMeshComponent/CustomMeshComponent.uplugin
LogPluginManager: Loaded Plugin ExampleDeviceProfileSelector, From D:/Epic Games/4.13/Engine/Plugins/Runtime/ExampleDeviceProfileSelector/ExampleDeviceProfileSelector.uplugin
LogPluginManager: Loaded Plugin GearVR, From D:/Epic Games/4.13/Engine/Plugins/Runtime/GearVR/GearVR.uplugin
LogPluginManager: Loaded Plugin GoogleVRController, From D:/Epic Games/4.13/Engine/Plugins/Runtime/GoogleVR/GoogleVRController/GoogleVRController.uplugin
LogPluginManager: Loaded Plugin GoogleVRHMD, From D:/Epic Games/4.13/Engine/Plugins/Runtime/GoogleVR/GoogleVRHMD/GoogleVRHMD.uplugin
LogPluginManager: Loaded Plugin IOSDeviceProfileSelector, From D:/Epic Games/4.13/Engine/Plugins/Runtime/IOSDeviceProfileSelector/IOSDeviceProfileSelector.uplugin
LogPluginManager: Loaded Plugin LeapMotion, From D:/Epic Games/4.13/Engine/Plugins/Runtime/LeapMotion/LeapMotion.uplugin
LogPluginManager: Loaded Plugin LinuxDeviceProfileSelector, From D:/Epic Games/4.13/Engine/Plugins/Runtime/LinuxDeviceProfileSelector/LinuxDeviceProfileSelector.uplugin
LogPluginManager: Loaded Plugin LiveEditorListenServer, From D:/Epic Games/4.13/Engine/Plugins/Runtime/LiveEditorListenServer/LiveEditorListenServer.uplugin
LogPluginManager: Loaded Plugin OculusAudio, From D:/Epic Games/4.13/Engine/Plugins/Runtime/OculusAudio/OculusAudio.uplugin
LogPluginManager: Loaded Plugin OculusInput, From D:/Epic Games/4.13/Engine/Plugins/Runtime/OculusInput/OculusInput.uplugin
LogPluginManager: Loaded Plugin OculusLibrary, From D:/Epic Games/4.13/Engine/Plugins/Runtime/OculusLibrary/OculusLibrary.uplugin
LogPluginManager: Loaded Plugin OculusRift, From D:/Epic Games/4.13/Engine/Plugins/Runtime/OculusRift/OculusRift.uplugin
LogPluginManager: Loaded Plugin Oodle, From D:/Epic Games/4.13/Engine/Plugins/Runtime/PacketHandlers/CompressionComponents/Oodle/Oodle.uplugin
LogPluginManager: Loaded Plugin ProceduralMeshComponent, From D:/Epic Games/4.13/Engine/Plugins/Runtime/ProceduralMeshComponent/ProceduralMeshComponent.uplugin
LogPluginManager: Loaded Plugin SoundMod, From D:/Epic Games/4.13/Engine/Plugins/Runtime/SoundMod/SoundMod.uplugin
LogPluginManager: Loaded Plugin SoundVisualizations, From D:/Epic Games/4.13/Engine/Plugins/Runtime/SoundVisualizations/SoundVisualizations.uplugin
LogPluginManager: Loaded Plugin SteamController, From D:/Epic Games/4.13/Engine/Plugins/Runtime/Steam/SteamController/SteamController.uplugin
LogPluginManager: Loaded Plugin SteamVR, From D:/Epic Games/4.13/Engine/Plugins/Runtime/Steam/SteamVR/SteamVR.uplugin
LogPluginManager: Loaded Plugin WebBrowserWidget, From D:/Epic Games/4.13/Engine/Plugins/Runtime/WebBrowserWidget/WebBrowserWidget.uplugin
LogPluginManager: Loaded Plugin WindowsDeviceProfileSelector, From D:/Epic Games/4.13/Engine/Plugins/Runtime/WindowsDeviceProfileSelector/WindowsDeviceProfileSelector.uplugin
LogPluginManager: Loaded Plugin WindowsMoviePlayer, From D:/Epic Games/4.13/Engine/Plugins/Runtime/WindowsMoviePlayer/WindowsMoviePlayer.uplugin
LogPluginManager: Loaded Plugin ScriptPlugin, From D:/Epic Games/4.13/Engine/Plugins/ScriptPlugin/ScriptPlugin.uplugin
LogPluginManager: Loaded Plugin SlateRemote, From D:/Epic Games/4.13/Engine/Plugins/Slate/SlateRemote/SlateRemote.uplugin
LogInit: Using libcurl 7.47.1
LogInit:  - built for x86_64-pc-win32
LogInit:  - supports SSL with WinSSL
LogInit:  - other features:
LogInit:      CURL_VERSION_SSL
LogInit:      CURL_VERSION_IPV6
LogInit:      CURL_VERSION_ASYNCHDNS
LogInit:      CURL_VERSION_LARGEFILE
LogInit:      CURL_VERSION_IDN
LogInit:  CurlRequestOptions (configurable via config and command line):
LogInit:  - bVerifyPeer = false  - Libcurl will NOT verify peer certificate
LogInit:  - bUseHttpProxy = false  - Libcurl will NOT use HTTP proxy
LogInit:  - bDontReuseConnections = false  - Libcurl will reuse connections
LogInit:  - CertBundlePath = nullptr  - Libcurl will use whatever was configured at build time.
LogInit: Build: ++UE4+Release-4.13-CL-3106830
LogInit: Engine Version: 4.13.0-3106830+++UE4+Release-4.13
LogInit: Compatible Engine Version: 4.13.0-3106830+++UE4+Release-4.13
LogInit: Net CL: 3106830
LogDevObjectVersion: Number of dev versions registered: 13
LogDevObjectVersion:   Dev-Blueprints (B0D832E4-1F89-4F0D-ACCF-7EB736FD4AA2): 5
LogDevObjectVersion:   Dev-Build (E1C64328-A22C-4D53-A36C-8E866417BD8C): 0
LogDevObjectVersion:   Dev-Core (375EC13C-06E4-48FB-B500-84F0262A717E): 1
LogDevObjectVersion:   Dev-Editor (E4B068ED-F494-42E9-A231-DA0B2E46BB41): 6
LogDevObjectVersion:   Dev-Framework (CFFC743F-43B0-4480-9391-14DF171D2073): 12
LogDevObjectVersion:   Dev-Mobile (B02B49B5-BB20-44E9-A304-32B752E40360): 0
LogDevObjectVersion:   Dev-Networking (A4E4105C-59A1-49B5-A7C5-40C4547EDFEE): 0
LogDevObjectVersion:   Dev-Online (39C831C9-5AE6-47DC-9A44-9C173E1C8E7C): 0
LogDevObjectVersion:   Dev-Physics (78F01B33-EBEA-4F98-B9B4-84EACCB95AA2): 0
LogDevObjectVersion:   Dev-Platform (6631380F-2D4D-43E0-8009-CF276956A95A): 0
LogDevObjectVersion:   Dev-Rendering (12F88B9F-8875-4AFC-A67C-D90C383ABD29): 4
LogDevObjectVersion:   Dev-Sequencer (7B5AE74C-D270-4C10-A958-57980B212A5A): 0
LogDevObjectVersion:   Dev-VR (D7296918-1DD6-4BDD-9DE2-64A83CC13884): 0
LogInit: Compiled (64-bit): Aug 30 2016 18:11:39
LogInit: Compiled with Visual C++: 19.00.23026.00
LogInit: Build Configuration: Development
LogInit: Branch Name: ++UE4+Release-4.13
LogInit: Command line:  
LogInit: Base directory: D:/Epic Games/4.13/Engine/Binaries/Win64/
LogInit: Installed Engine Build: 1
LogInit: Presizing for max 8388607 objects, including 0 objects not considered by GC, pre-allocating 0 bytes for permanent pool.
LogInit: Object subsystem initialized
[2016.09.11-20.20.02:937][  0]LogInit: Selected Device Profile: [Windows]
[2016.09.11-20.20.02:937][  0]LogInit: Applying CVar settings loaded from the selected device profile: [Windows]
[2016.09.11-20.20.02:955][  0]LogInit: Computer: DRAGONCORE-01
[2016.09.11-20.20.02:955][  0]LogInit: User: Jason
[2016.09.11-20.20.02:955][  0]LogInit: CPU Page size=65536, Cores=6
[2016.09.11-20.20.02:955][  0]LogInit: High frequency timer resolution =3.125113 MHz
[2016.09.11-20.20.02:956][  0]LogMemory: Memory total: Physical=31.9GB (32GB approx)
[2016.09.11-20.20.02:956][  0]LogMemory: Platform Memory Stats for Windows
[2016.09.11-20.20.02:956][  0]LogMemory: Process Physical Memory: 256.09 MB used, 256.09 MB peak
[2016.09.11-20.20.02:956][  0]LogMemory: Process Virtual Memory: 260.52 MB used, 260.52 MB peak
[2016.09.11-20.20.02:956][  0]LogMemory: Physical Memory: 8735.31 MB used, 32692.25 MB total
[2016.09.11-20.20.02:956][  0]LogMemory: Virtual Memory: 613.22 MB used, 134217728.00 MB total
[2016.09.11-20.20.02:994][  0]LogTextLocalizationManager: No specific translations for ('en-US') exist, so ('en') translations will be used.
[2016.09.11-20.20.03:690][  0]LogD3D11RHI: D3D11 adapters:
[2016.09.11-20.20.03:749][  0]LogD3D11RHI:    0. 'NVIDIA GeForce GTX 780' (Feature Level 11_0)
[2016.09.11-20.20.03:749][  0]LogD3D11RHI:       3039/0/16346 MB DedicatedVideo/DedicatedSystem/SharedSystem, Outputs:1, VendorId:0x10de
[2016.09.11-20.20.03:750][  0]LogD3D11RHI:    1. 'Microsoft Basic Render Driver' (Feature Level 11_0)
[2016.09.11-20.20.03:750][  0]LogD3D11RHI:       0/0/16346 MB DedicatedVideo/DedicatedSystem/SharedSystem, Outputs:0, VendorId:0x1414
[2016.09.11-20.20.03:750][  0]LogD3D11RHI: Chosen D3D11 Adapter: 0
[2016.09.11-20.20.03:757][  0]LogD3D11RHI: Creating new Direct3DDevice
[2016.09.11-20.20.03:757][  0]LogD3D11RHI:     GPU DeviceId: 0x1004 (for the marketing name, search the web for "GPU Device Id")
[2016.09.11-20.20.03:757][  0]LogWindows: EnumDisplayDevices:
[2016.09.11-20.20.03:757][  0]LogWindows:    0. 'NVIDIA GeForce GTX 780' (P:1 D:1)
[2016.09.11-20.20.03:757][  0]LogWindows:    1. 'NVIDIA GeForce GTX 780' (P:0 D:0)
[2016.09.11-20.20.03:757][  0]LogWindows:    2. 'NVIDIA GeForce GTX 780' (P:0 D:0)
[2016.09.11-20.20.03:757][  0]LogWindows:    3. 'NVIDIA GeForce GTX 780' (P:0 D:0)
[2016.09.11-20.20.03:757][  0]LogWindows: DebugString: FoundDriverCount:4 
[2016.09.11-20.20.03:757][  0]LogD3D11RHI:     Adapter Name: NVIDIA GeForce GTX 780
[2016.09.11-20.20.03:757][  0]LogD3D11RHI:   Driver Version: 368.69 (internal:10.18.13.6869, unified:368.69)
[2016.09.11-20.20.03:757][  0]LogD3D11RHI:      Driver Date: 6-29-2016
[2016.09.11-20.20.03:757][  0]LogRHI: Texture pool is 1361 MB (70% of 1945 MB)
[2016.09.11-20.20.03:774][  0]LogD3D11RHI: Async texture creation enabled
[2016.09.11-20.20.03:785][  0]LogD3D11RHI: GPU Timing Frequency: 1000.000000 (Debug: 2 1)
[2016.09.11-20.20.03:785][  0]LogShaderCompilers: Guid format shader working directory is 9 characters bigger than the processId version (../../../../../GitHub/Our-First-Game/Intermediate/Shaders/WorkingDirectory/23996/).
[2016.09.11-20.20.03:785][  0]LogShaderCompilers: Cleaned the shader compiler working directory 'C:/Users/Jason/AppData/Local/Temp/UnrealShaderWorkingDir/3BDBAB644F260E5B8258E5A400D5A39C/'.
[2016.09.11-20.20.03:785][  0]LogShaderCompilers:Display: Using Local Shader Compiler.
[2016.09.11-20.20.05:158][  0]LogTemp:Display: Loaded TP AllDesktopTargetPlatform
[2016.09.11-20.20.05:166][  0]LogTemp:Display: Loaded TP WindowsClientTargetPlatform
[2016.09.11-20.20.05:173][  0]LogTemp:Display: Loaded TP WindowsNoEditorTargetPlatform
[2016.09.11-20.20.05:181][  0]LogTemp:Display: Loaded TP WindowsServerTargetPlatform
[2016.09.11-20.20.05:188][  0]LogTemp:Display: Loaded TP WindowsTargetPlatform
[2016.09.11-20.20.05:195][  0]LogTemp:Display: Loaded TP AndroidTargetPlatform
[2016.09.11-20.20.05:201][  0]LogTemp:Display: Loaded TP Android_ASTCTargetPlatform
[2016.09.11-20.20.05:208][  0]LogTemp:Display: Loaded TP Android_ATCTargetPlatform
[2016.09.11-20.20.05:214][  0]LogTemp:Display: Loaded TP Android_DXTTargetPlatform
[2016.09.11-20.20.05:220][  0]LogTemp:Display: Loaded TP Android_ETC1TargetPlatform
[2016.09.11-20.20.05:227][  0]LogTemp:Display: Loaded TP Android_ETC2TargetPlatform
[2016.09.11-20.20.05:239][  0]LogTemp:Display: Loaded TP Android_MultiTargetPlatform
[2016.09.11-20.20.05:239][  0]LogTemp:Display: Loaded TP Android_PVRTCTargetPlatform
[2016.09.11-20.20.05:240][  0]LogTemp:Display: Loaded TP HTML5TargetPlatform
[2016.09.11-20.20.05:260][  0]LogTemp:Display: Loaded TP IOSTargetPlatform
[2016.09.11-20.20.05:266][  0]LogTemp:Display: Loaded TP TVOSTargetPlatform
[2016.09.11-20.20.05:272][  0]LogTemp:Display: Loaded TP LinuxClientTargetPlatform
[2016.09.11-20.20.05:278][  0]LogTemp:Display: Loaded TP LinuxNoEditorTargetPlatform
[2016.09.11-20.20.05:285][  0]LogTemp:Display: Loaded TP LinuxServerTargetPlatform
[2016.09.11-20.20.05:319][  0]LogTemp:Display: Loaded TP LinuxTargetPlatform
[2016.09.11-20.20.05:319][  0]LogTargetPlatformManager:Display: Building Assets For Windows
[2016.09.11-20.20.05:381][  0]LogDerivedDataCache:Display: Max Cache Size: 512 MB
[2016.09.11-20.20.05:487][  0]LogDerivedDataCache: Loaded boot cache 0.11s 62MB C:/Users/Jason/AppData/Local/UnrealEngine/4.13/DerivedDataCache/Boot.ddc.
[2016.09.11-20.20.05:487][  0]LogDerivedDataCache:Display: Loaded Boot cache: C:/Users/Jason/AppData/Local/UnrealEngine/4.13/DerivedDataCache/Boot.ddc
[2016.09.11-20.20.05:488][  0]LogDerivedDataCache: FDerivedDataBackendGraph:  Pak pak cache file ../../../../../GitHub/Our-First-Game/DerivedDataCache/DDC.ddp not found, will not use a pak cache.
[2016.09.11-20.20.05:488][  0]LogDerivedDataCache: Unable to find inner node Pak for hierarchical cache Hierarchy.
[2016.09.11-20.20.05:488][  0]LogDerivedDataCache: FDerivedDataBackendGraph:  CompressedPak pak cache file ../../../../../GitHub/Our-First-Game/DerivedDataCache/Compressed.ddp not found, will not use a pak cache.
[2016.09.11-20.20.05:488][  0]LogDerivedDataCache: Unable to find inner node CompressedPak for hierarchical cache Hierarchy.
[2016.09.11-20.20.05:505][  0]LogDerivedDataCache:Display: Pak cache opened for reading ../../../Engine/DerivedDataCache/Compressed.ddp.
[2016.09.11-20.20.05:517][  0]LogDerivedDataCache: Using Local data cache path C:/Users/Jason/AppData/Local/UnrealEngine/Common/DerivedDataCache: Writable
[2016.09.11-20.20.05:781][  0]LogInit: Selected Device Profile: [Windows]
[2016.09.11-20.20.05:784][  0]LogContentStreaming: Texture pool size is 0.00 MB
[2016.09.11-20.20.05:877][  0]LogMeshUtilities: No automatic mesh reduction module available
[2016.09.11-20.20.05:877][  0]LogMeshUtilities: No automatic mesh merging module available
[2016.09.11-20.20.05:877][  0]LogMeshUtilities: No distributed automatic mesh merging module available
[2016.09.11-20.20.05:984][  0]LogMaterial: Uniform references updated for custom material expression Custom.
[2016.09.11-20.20.06:484][  0]LogNetVersion: GetLocalNetworkVersion: CL: 3106830, ProjectName: mygame_8_27_16, ProjectVersion: , EngineNetworkVersion: 1, GameNetworkVersion: 0, NetworkChecksum: 3853309300
[2016.09.11-20.20.06:522][  0]LogAssetRegistry: FAssetRegistry took 0.0218 seconds to start up
[2016.09.11-20.20.06:540][  0]LogPackageLocalizationCache: Processed 3 localized package path(s) for 2 prioritized culture(s) in 0.015990 seconds
[2016.09.11-20.20.06:544][  0]LogUObjectArray: 29777 objects as part of root set at end of initial load.
[2016.09.11-20.20.06:544][  0]LogUObjectAllocator: 6124704 out of 0 bytes used by permanent object pool.
[2016.09.11-20.20.06:544][  0]LogUObjectArray: CloseDisregardForGC: 0/0 objects in disregard for GC pool
[2016.09.11-20.20.06:548][  0]LogInit: WinSock: version 1.1 (2.2), MaxSocks=32767, MaxUdp=65467
[2016.09.11-20.20.06:990][  0]LogSlate: SlateFontCache - WITH_FREETYPE: 1, WITH_HARFBUZZ: 1
[2016.09.11-20.20.06:990][  0]LogSlate: SlateFontCache - WITH_FREETYPE: 1, WITH_HARFBUZZ: 1
[2016.09.11-20.20.11:909][  0]LogUdpMessaging: Initializing bridge on interface 0.0.0.0:0 to multicast group 230.0.0.1:6666.
[2016.09.11-20.20.12:504][  0]SourceControl: Info Source control is disabled
[2016.09.11-20.20.12:505][  0]SourceControl: Info Source control is disabled
[2016.09.11-20.20.12:512][  0]SourceControl: Info Source control is disabled
[2016.09.11-20.20.12:518][  0]SourceControl: Info Source control is disabled
[2016.09.11-20.20.12:847][  0]LogEngine: Initializing Engine...
[2016.09.11-20.20.12:847][  0]LogHMD: Failed to initialize OpenVR with code 110
[2016.09.11-20.20.13:053][  0]LogAIModule: Creating AISystem for world Untitled
[2016.09.11-20.20.13:082][  0]LogInit: XAudio2 using 'VN279-8 (NVIDIA High Definition Audio)' : 2 channels at 48 kHz using 16 bits per sample (channel mask 0x3)
[2016.09.11-20.20.13:091][  0]LogInit: FAudioDevice initialized.
[2016.09.11-20.20.13:121][  0]LogDerivedDataCache: Saved boot cache 0.03s 62MB C:/Users/Jason/AppData/Local/UnrealEngine/4.13/DerivedDataCache/Boot.ddc.
[2016.09.11-20.20.13:129][  0]LogInit: Texture streaming: Enabled
[2016.09.11-20.20.13:152][  0]LogInit: Transaction tracking system initialized
[2016.09.11-20.20.13:168][  0]BlueprintLog: New page: Editor Load
[2016.09.11-20.20.13:225][  0]LocalizationService: Info Localization service is disabled
[2016.09.11-20.20.13:331][  0]LogConsoleResponse:Display: 
[2016.09.11-20.20.13:515][  0]LogCook:Display: Max memory allowance for cook 16384mb min free memory 0mb
[2016.09.11-20.20.13:515][  0]LogCook:Display: Mobile HDR setting 1
[2016.09.11-20.20.13:648][  0]LogFileCache: Scanning file cache for directory 'D:/GitHub/Our-First-Game/Content/' took 0.01s
[2016.09.11-20.20.13:648][  0]SourceControl: Info Source control is disabled
[2016.09.11-20.20.13:649][  0]Cmd: MAP LOAD FILE="../../../../../GitHub/Our-First-Game/Content/ThirdPersonBP/Maps/ThirdPersonExampleMap.umap" TEMPLATE=0 SHOWPROGRESS=1 FEATURELEVEL=3
[2016.09.11-20.20.13:649][  0]LightingResults: New page: Lighting Build
[2016.09.11-20.20.13:651][  0]MapCheck: New page: Map Check
[2016.09.11-20.20.13:651][  0]LightingResults: New page: Lighting Build
[2016.09.11-20.20.14:582][  0]LogAIModule: Creating AISystem for world ThirdPersonExampleMap
[2016.09.11-20.20.14:756][  0]LogMaterial:Warning: Material /Game/StarterContent/Props/Materials/M_Shelf.M_Shelf needed to have new flag set bUsedWithSkeletalMesh !
[2016.09.11-20.20.14:757][  0]LogMaterial: Missing cached shader map for material M_Shelf, compiling. 
[2016.09.11-20.20.14:822][  0]MapCheck:Warning: Warning M_Shelf Material /Game/StarterContent/Props/Materials/M_Shelf.M_Shelf was missing the usage flag bUsedWithSkeletalMesh. If the material asset is not re-saved, it may not render correctly when run outside the editor. Fix
[2016.09.11-20.20.14:822][  0]LogMaterial: 0.00 seconds spent updating 1 materials, 1 interfaces, 0 instances, 0 with static permutations.
[2016.09.11-20.20.14:822][  0]LogMaterial:Warning: Material /Game/StarterContent/Materials/M_Wood_Pine.M_Wood_Pine needed to have new flag set bUsedWithSkeletalMesh !
[2016.09.11-20.20.14:824][  0]LogMaterial: Missing cached shader map for material M_Wood_Pine, compiling. 
[2016.09.11-20.20.14:864][  0]MapCheck:Warning: Warning M_Wood_Pine Material /Game/StarterContent/Materials/M_Wood_Pine.M_Wood_Pine was missing the usage flag bUsedWithSkeletalMesh. If the material asset is not re-saved, it may not render correctly when run outside the editor. Fix
[2016.09.11-20.20.14:865][  0]LogMaterial: 0.00 seconds spent updating 1 materials, 1 interfaces, 0 instances, 0 with static permutations.
[2016.09.11-20.20.14:866][  0]LogMaterial:Warning: Material /Game/StarterContent/Materials/M_Wood_Walnut.M_Wood_Walnut needed to have new flag set bUsedWithSkeletalMesh !
[2016.09.11-20.20.14:868][  0]LogMaterial: Missing cached shader map for material M_Wood_Walnut, compiling. 
[2016.09.11-20.20.14:910][  0]MapCheck:Warning: Warning M_Wood_Walnut Material /Game/StarterContent/Materials/M_Wood_Walnut.M_Wood_Walnut was missing the usage flag bUsedWithSkeletalMesh. If the material asset is not re-saved, it may not render correctly when run outside the editor. Fix
[2016.09.11-20.20.14:910][  0]LogMaterial: 0.00 seconds spent updating 1 materials, 1 interfaces, 0 instances, 0 with static permutations.
[2016.09.11-20.20.14:916][  0]LogEditorServer: Finished looking for orphan Actors (0.000 secs)
[2016.09.11-20.20.14:917][  0]Cmd: MAP CHECKDEP NOCLEARLOG
[2016.09.11-20.20.14:964][  0]MapCheck: Info Map check complete: 0 Error(s), 3 Warning(s), took 47.123ms to complete.
[2016.09.11-20.20.14:971][  0]LogFileHelpers: Loading map 'ThirdPersonExampleMap' took 1.323
[2016.09.11-20.20.15:158][  0]LogCollectionManager: Loaded 0 collections in 0.001530 seconds
[2016.09.11-20.20.15:199][  0]LogFileCache: Scanning file cache for directory 'D:/GitHub/Our-First-Game/Saved/Collections/' took 0.01s
[2016.09.11-20.20.15:199][  0]LogFileCache: Scanning file cache for directory 'D:/GitHub/Our-First-Game/Content/Developers/Jason/Collections/' took 0.01s
[2016.09.11-20.20.15:199][  0]LogFileCache: Scanning file cache for directory 'D:/GitHub/Our-First-Game/Content/Collections/' took 0.01s
[2016.09.11-20.20.15:199][  0]LogCollectionManager: Rebuilt the GUID cache for 0 collections in 0.000004 seconds
[20